<?xml version="1.0" encoding="UTF-8"?>
<testng-results skipped="0" failed="0" ignored="0" total="1" passed="1">
  <reporter-output>
  </reporter-output>
  <suite name="Default suite" duration-ms="37081" started-at="2022-06-22T12:55:11 IST" finished-at="2022-06-22T12:55:48 IST">
    <groups>
    </groups>
    <test name="Default test" duration-ms="37081" started-at="2022-06-22T12:55:11 IST" finished-at="2022-06-22T12:55:48 IST">
      <class name="com.hybrid.testCases.TC001_LoginTest">
        <test-method status="PASS" signature="setup()[pri:0, instance:com.hybrid.testCases.TC001_LoginTest@12f41634]" name="setup" is-config="true" duration-ms="15831" started-at="2022-06-22T12:55:11 IST" finished-at="2022-06-22T12:55:27 IST">
          <reporter-output>
          </reporter-output>
        </test-method> <!-- setup -->
        <test-method status="PASS" signature="loginTest()[pri:0, instance:com.hybrid.testCases.TC001_LoginTest@12f41634]" name="loginTest" duration-ms="19846" started-at="2022-06-22T12:55:27 IST" finished-at="2022-06-22T12:55:47 IST">
          <reporter-output>
          </reporter-output>
        </test-method> <!-- loginTest -->
        <test-method status="PASS" signature="tearDown()[pri:0, instance:com.hybrid.testCases.TC001_LoginTest@12f41634]" name="tearDown" is-config="true" duration-ms="1332" started-at="2022-06-22T12:55:47 IST" finished-at="2022-06-22T12:55:48 IST">
          <reporter-output>
          </reporter-output>
        </test-method> <!-- tearDown -->
      </class> <!-- com.hybrid.testCases.TC001_LoginTest -->
    </test> <!-- Default test -->
  </suite> <!-- Default suite -->
</testng-results>
